Start testing: Mar 22 17:47 CET
----------------------------------------------------------
1/1 Testing: test_basics
1/1 Test: test_basics
Command: "/leonardo_work/IscrC_eff-SAM2/azirilli/cuda-cachemir/pycudafhe/build_sm80/bin/test_basics"
Directory: /leonardo_work/IscrC_eff-SAM2/azirilli/cuda-cachemir/pycudafhe/build_sm80/tests
"test_basics" start time: Mar 22 17:47 CET
Output:
----------------------------------------------------------
Running main() from /croot/yaml-cpp-split_1714510678659/work/test/gtest-1.11.0/googletest/src/gtest_main.cc
[==========] Running 1 test from 1 test suite.
[----------] Global test environment set-up.
[----------] 1 test from OpsTest
[ RUN      ] OpsTest.CCparams
GPU 0: NVIDIA A100-SXM-64GB
 SMs: 124, SharedMem: 164 KB, Blocks/SM: 32, Threads/SM: 2048, L2 size: 32 MB, Bus: 4096-bit
Adding bootstrap precomputation to GPU for 2048 slots.
Plaintexts loaded: 186 ~ 151MB
Rotation keys loaded: 62 ~ 382MB
Context created: N=4096 2N=8192 depth=25 keyDist=2
[       OK ] OpsTest.CCparams (1272 ms)
[----------] 1 test from OpsTest (1272 ms total)

[----------] Global test environment tear-down
[==========] 1 test from 1 test suite ran. (1272 ms total)
[  PASSED  ] 1 test.
/leonardo_work/IscrC_eff-SAM2/azirilli/cuda-cachemir/pycudafhe/build_sm80/bin/test_basics[0x601e52]
/leonardo_work/IscrC_eff-SAM2/azirilli/cuda-cachemir/pycudafhe/build_sm80/bin/test_basics[0x5ac303]
/leonardo_work/IscrC_eff-SAM2/azirilli/cuda-cachemir/pycudafhe/build_sm80/bin/test_basics[0x5a025f]
/lib64/libc.so.6(+0x5126c)[0x14de977ce26c]
/lib64/libc.so.6(on_exit+0x0)[0x14de977ce3a0]
/lib64/libc.so.6(__libc_start_main+0xec)[0x14de977b7d8c]
/leonardo_work/IscrC_eff-SAM2/azirilli/cuda-cachemir/pycudafhe/build_sm80/bin/test_basics[0x4b802e]
Cuda failure /leonardo_work/IscrC_eff-SAM2/azirilli/cuda-cachemir/pycudafhe/third_party/FIDESlib/src/CudaUtils.cu:432: 'driver shutting down'
Cuda failure /leonardo_work/IscrC_eff-SAM2/azirilli/cuda-cachemir/pycudafhe/third_party/FIDESlib/src/CKKS/Context.cu:841: 'driver shutting down'
<end of output>
Test time =   1.43 sec
----------------------------------------------------------
Test Passed.
"test_basics" end time: Mar 22 17:47 CET
"test_basics" time elapsed: 00:00:01
----------------------------------------------------------

End testing: Mar 22 17:47 CET
