Start testing: Mar 22 16:11 CET
----------------------------------------------------------
1/5 Testing: test_ops
1/5 Test: test_ops
Command: "/leonardo_work/IscrC_eff-SAM2/azirilli/cuda-cachemir/pycudafhe/build_sm80/bin/test_ops"
Directory: /leonardo_work/IscrC_eff-SAM2/azirilli/cuda-cachemir/pycudafhe/build_sm80/tests
"test_ops" start time: Mar 22 16:11 CET
Output:
----------------------------------------------------------
Running main() from /croot/yaml-cpp-split_1714510678659/work/test/gtest-1.11.0/googletest/src/gtest_main.cc
[==========] Running 10 tests from 1 test suite.
[----------] Global test environment set-up.
[----------] 10 tests from OpsTest
[ RUN      ] OpsTest.CtCtAdd
GPU 0: NVIDIA A100-SXM-64GB
 SMs: 124, SharedMem: 164 KB, Blocks/SM: 32, Threads/SM: 2048, L2 size: 32 MB, Bus: 4096-bit
CtCtAdd: max_err=2.04253e-07, tolerance=1e-06 [PASS]
[       OK ] OpsTest.CtCtAdd (1431 ms)
[ RUN      ] OpsTest.CtCtSub
CtCtSub: max_err=1.97475e-07, tolerance=1e-06 [PASS]
[       OK ] OpsTest.CtCtSub (1160 ms)
[ RUN      ] OpsTest.CtCtMul
CtCtMul: max_err=3.88785e-06, tolerance=1e-05 [PASS]
[       OK ] OpsTest.CtCtMul (1139 ms)
[ RUN      ] OpsTest.CtPtMul
CtPtMul: max_err=3.43587e-07, tolerance=1e-06 [PASS]
[       OK ] OpsTest.CtPtMul (1189 ms)
[ RUN      ] OpsTest.CtAddScalar
CtAddScalar: max_err=1.43863e-07, tolerance=1e-06 [PASS]
[       OK ] OpsTest.CtAddScalar (1195 ms)
[ RUN      ] OpsTest.Rotate
Rotate: max_err=1.04928e-07, tolerance=1e-06 [PASS]
[       OK ] OpsTest.Rotate (1187 ms)
[ RUN      ] OpsTest.RotateAndAdd
RotateAndAdd: max_err=6.80693e-07, tolerance=1e-06 [PASS]
[       OK ] OpsTest.RotateAndAdd (1239 ms)
[ RUN      ] OpsTest.LevelReduce
LevelReduce: max_err=1.50994e-07, tolerance=0.0001 [PASS]
[       OK ] OpsTest.LevelReduce (1234 ms)
[ RUN      ] OpsTest.ChainedMul
ChainedMul: max_err=0.000137655, tolerance=0.1 [PASS]
[       OK ] OpsTest.ChainedMul (1240 ms)
[ RUN      ] OpsTest.SquareVsMul
SquareVsMul: max_err=4.15857e-07, tolerance=1e-05 [PASS]
[       OK ] OpsTest.SquareVsMul (1311 ms)
[----------] 10 tests from OpsTest (12328 ms total)

[----------] Global test environment tear-down
[==========] 10 tests from 1 test suite ran. (12328 ms total)
[  PASSED  ] 10 tests.
Cuda failure /leonardo_work/IscrC_eff-SAM2/azirilli/cuda-cachemir/pycudafhe/third_party/FIDESlib/src/CKKS/Context.cu:841: 'driver shutting down'
<end of output>
Test time =  12.52 sec
----------------------------------------------------------
Test Passed.
"test_ops" end time: Mar 22 16:11 CET
"test_ops" time elapsed: 00:00:12
----------------------------------------------------------

2/5 Testing: test_bootstrap
2/5 Test: test_bootstrap
Command: "/leonardo_work/IscrC_eff-SAM2/azirilli/cuda-cachemir/pycudafhe/build_sm80/bin/test_bootstrap"
Directory: /leonardo_work/IscrC_eff-SAM2/azirilli/cuda-cachemir/pycudafhe/build_sm80/tests
"test_bootstrap" start time: Mar 22 16:11 CET
Output:
----------------------------------------------------------
Running main() from /croot/yaml-cpp-split_1714510678659/work/test/gtest-1.11.0/googletest/src/gtest_main.cc
[==========] Running 7 tests from 1 test suite.
[----------] Global test environment set-up.
[----------] 7 tests from BootstrapTest
[ RUN      ] BootstrapTest.MessagePreserved
GPU 0: NVIDIA A100-SXM-64GB
 SMs: 124, SharedMem: 164 KB, Blocks/SM: 32, Threads/SM: 2048, L2 size: 32 MB, Bus: 4096-bit
Adding bootstrap precomputation to GPU for 2048 slots.
Plaintexts loaded: 186 ~ 151MB
Rotation keys loaded: 62 ~ 406MB
Level before bootstrap: 9
Level after  bootstrap: 19
Max absolute error after bootstrap: 1.71483e-05
[       OK ] BootstrapTest.MessagePreserved (1355 ms)
[ RUN      ] BootstrapTest.LevelRefresh
Rotation keys loaded: 62 ~ 406MB
Level: 11 → 19
[       OK ] BootstrapTest.LevelRefresh (899 ms)
[ RUN      ] BootstrapTest.NoiseBound
Rotation keys loaded: 62 ~ 406MB
[       OK ] BootstrapTest.NoiseBound (998 ms)
[ RUN      ] BootstrapTest.ChainedBootstrap
Rotation keys loaded: 62 ~ 406MB
[       OK ] BootstrapTest.ChainedBootstrap (935 ms)
[ RUN      ] BootstrapTest.AfterMultiplication
Rotation keys loaded: 62 ~ 406MB
After 8 multiplications, bootstrap max_err=1.65844e-05
[       OK ] BootstrapTest.AfterMultiplication (892 ms)
[ RUN      ] BootstrapTest.Linearity
Rotation keys loaded: 62 ~ 406MB
[       OK ] BootstrapTest.Linearity (974 ms)
[ RUN      ] BootstrapTest.BootstrapToLevel
Rotation keys loaded: 62 ~ 406MB
Bootstrapping (level 9)...
  bootstrap done in 0.0160296 s, raw output level 19
  output level after target drop: 19
[       OK ] BootstrapTest.BootstrapToLevel (913 ms)
[----------] 7 tests from BootstrapTest (6969 ms total)

[----------] Global test environment tear-down
[==========] 7 tests from 1 test suite ran. (6969 ms total)
[  PASSED  ] 7 tests.
Cuda failure /leonardo_work/IscrC_eff-SAM2/azirilli/cuda-cachemir/pycudafhe/third_party/FIDESlib/src/CKKS/Context.cu:841: 'driver shutting down'
<end of output>
Test time =   7.16 sec
----------------------------------------------------------
Test Passed.
"test_bootstrap" end time: Mar 22 16:11 CET
"test_bootstrap" time elapsed: 00:00:07
----------------------------------------------------------

3/5 Testing: test_primitives
3/5 Test: test_primitives
Command: "/leonardo_work/IscrC_eff-SAM2/azirilli/cuda-cachemir/pycudafhe/build_sm80/bin/test_primitives"
Directory: /leonardo_work/IscrC_eff-SAM2/azirilli/cuda-cachemir/pycudafhe/build_sm80/tests
"test_primitives" start time: Mar 22 16:11 CET
Output:
----------------------------------------------------------
Running main() from /croot/yaml-cpp-split_1714510678659/work/test/gtest-1.11.0/googletest/src/gtest_main.cc
[==========] Running 19 tests from 1 test suite.
[----------] Global test environment set-up.
[----------] 19 tests from PrimitivesTest
[ RUN      ] PrimitivesTest.InvSqrtNewton_Constant
GPU 0: NVIDIA A100-SXM-64GB
 SMs: 124, SharedMem: 164 KB, Blocks/SM: 32, Threads/SM: 2048, L2 size: 32 MB, Bus: 4096-bit
InvSqrtNewton x=0.25: expected=2 err=8.24454e-07
[       OK ] PrimitivesTest.InvSqrtNewton_Constant (5229 ms)
[ RUN      ] PrimitivesTest.InvSqrtNewton_SmallX
InvSqrtNewton x=0.04: expected=5 err=1.36038e-05
[       OK ] PrimitivesTest.InvSqrtNewton_SmallX (4971 ms)
[ RUN      ] PrimitivesTest.InvSqrtNewton_VaryingInput
InvSqrtNewton varying: max_err=1.94296e-06
[       OK ] PrimitivesTest.InvSqrtNewton_VaryingInput (4945 ms)
[ RUN      ] PrimitivesTest.GoldschmidtInvSqrt_Constant
GoldschmidtInvSqrt x=0.25: expected=2 err=0.000140935
[       OK ] PrimitivesTest.GoldschmidtInvSqrt_Constant (4838 ms)
[ RUN      ] PrimitivesTest.GoldschmidtInvSqrt_VaryingInput
GoldschmidtInvSqrt varying: max_err=2.53809e-05
[       OK ] PrimitivesTest.GoldschmidtInvSqrt_VaryingInput (4864 ms)
[ RUN      ] PrimitivesTest.ExpSquaring_Zero
ExpSquaring z=0: err=2.74668e-05
[       OK ] PrimitivesTest.ExpSquaring_Zero (4723 ms)
[ RUN      ] PrimitivesTest.ExpSquaring_SmallPositive
ExpSquaring z=0.5: fhe_err=4.37971e-05 approx_err=0.00160512
[       OK ] PrimitivesTest.ExpSquaring_SmallPositive (4740 ms)
[ RUN      ] PrimitivesTest.ExpSquaring_SmallNegative
ExpSquaring z=-0.5: fhe_err=1.45012e-05
[       OK ] PrimitivesTest.ExpSquaring_SmallNegative (4746 ms)
[ RUN      ] PrimitivesTest.NewtonInverse_SmallDenominator
NewtonInverse s=0.8: expected=1.25 err=2.26509e-07
[       OK ] PrimitivesTest.NewtonInverse_SmallDenominator (5030 ms)
[ RUN      ] PrimitivesTest.NewtonInverse_LargerDenominator
NewtonInverse s=0.5: expected=2 err=6.12367e-07
[       OK ] PrimitivesTest.NewtonInverse_LargerDenominator (5053 ms)
[ RUN      ] PrimitivesTest.GoldschmidtInv_SmallDenominator
GoldschmidtInv a=0.8 (exact x0): expected=1.25 err=3.21197e-07
[       OK ] PrimitivesTest.GoldschmidtInv_SmallDenominator (4929 ms)
[ RUN      ] PrimitivesTest.GoldschmidtInv_RoughInitialGuess
GoldschmidtInv a=0.7 (rough x0=1.3): expected=1.42857 err=3.86199e-07
[       OK ] PrimitivesTest.GoldschmidtInv_RoughInitialGuess (4932 ms)
[ RUN      ] PrimitivesTest.GoldschmidtInv_VaryingInput
GoldschmidtInv varying: max_err=5.14862e-07
[       OK ] PrimitivesTest.GoldschmidtInv_VaryingInput (4934 ms)
[ RUN      ] PrimitivesTest.ChebyshevCoeffs_SiLU_Degree127
ChebyshevCoeffs SiLU(0)=8.04586e-09 SiLU(1)=0.731059 SiLU(-1)=-0.268941
[       OK ] PrimitivesTest.ChebyshevCoeffs_SiLU_Degree127 (4504 ms)
[ RUN      ] PrimitivesTest.ChebyshevCoeffs_Identity
ChebyshevCoeffs identity(0.5)=0.5
[       OK ] PrimitivesTest.ChebyshevCoeffs_Identity (4315 ms)
[ RUN      ] PrimitivesTest.EvalChebyshev_SiLU_AtZero
EvalChebyshev SiLU(0): err=3.20692e-07
[       OK ] PrimitivesTest.EvalChebyshev_SiLU_AtZero (4483 ms)
[ RUN      ] PrimitivesTest.EvalChebyshev_SiLU_KnownValues
EvalChebyshev SiLU(1): expected=0.731059 err=5.01199e-07
EvalChebyshev SiLU(-1): expected=-0.268941 err=2.20842e-07
[       OK ] PrimitivesTest.EvalChebyshev_SiLU_KnownValues (4699 ms)
[ RUN      ] PrimitivesTest.EvalChebyshev_SiLU_VaryingInput
EvalChebyshev SiLU varying [-0.5,0.5]: max_err=3.41078e-07
[       OK ] PrimitivesTest.EvalChebyshev_SiLU_VaryingInput (4529 ms)
[ RUN      ] PrimitivesTest.EvalLinearWSum_ThreeTerms
EvalLinearWSum 2*1+3*2-0.5: expected=7.5 err=7.46174e-07
[       OK ] PrimitivesTest.EvalLinearWSum_ThreeTerms (4767 ms)
[----------] 19 tests from PrimitivesTest (91241 ms total)

[----------] Global test environment tear-down
[==========] 19 tests from 1 test suite ran. (91241 ms total)
[  PASSED  ] 19 tests.
Cuda failure /leonardo_work/IscrC_eff-SAM2/azirilli/cuda-cachemir/pycudafhe/third_party/FIDESlib/src/CKKS/Context.cu:841: 'driver shutting down'
<end of output>
Test time =  91.53 sec
----------------------------------------------------------
Test Passed.
"test_primitives" end time: Mar 22 16:13 CET
"test_primitives" time elapsed: 00:01:31
----------------------------------------------------------

4/5 Testing: test_nonlinear
4/5 Test: test_nonlinear
Command: "/leonardo_work/IscrC_eff-SAM2/azirilli/cuda-cachemir/pycudafhe/build_sm80/bin/test_nonlinear"
Directory: /leonardo_work/IscrC_eff-SAM2/azirilli/cuda-cachemir/pycudafhe/build_sm80/tests
"test_nonlinear" start time: Mar 22 16:13 CET
Output:
----------------------------------------------------------
Running main() from /croot/yaml-cpp-split_1714510678659/work/test/gtest-1.11.0/googletest/src/gtest_main.cc
[==========] Running 11 tests from 1 test suite.
[----------] Global test environment set-up.
[----------] 11 tests from NonlinearTest
[ RUN      ] NonlinearTest.SiLU_SmallValues
Creating FIDESlib/OpenFHE CKKS context (logN=12)...
GPU 0: NVIDIA A100-SXM-64GB
 SMs: 124, SharedMem: 164 KB, Blocks/SM: 32, Threads/SM: 2048, L2 size: 32 MB, Bus: 4096-bit
Adding bootstrap precomputation to GPU for 2048 slots.
Plaintexts loaded: 186 ~ 215MB
Rotation keys loaded: 62 ~ 534MB
  slots=2048  GPU context loaded.
SiLU max_abs_err=8.04583e-09
[       OK ] NonlinearTest.SiLU_SmallValues (1736 ms)
[ RUN      ] NonlinearTest.SiLU_AtZero
Creating FIDESlib/OpenFHE CKKS context (logN=12)...
Rotation keys loaded: 62 ~ 534MB
  slots=2048  GPU context loaded.
SiLU(0) max_abs_err=8.04605e-09
[       OK ] NonlinearTest.SiLU_AtZero (1174 ms)
[ RUN      ] NonlinearTest.SiLU_Positive_Approx_Identity
Creating FIDESlib/OpenFHE CKKS context (logN=12)...
Rotation keys loaded: 62 ~ 534MB
  slots=2048  GPU context loaded.
SiLU(0.4) max_abs_err=6.61666e-09
[       OK ] NonlinearTest.SiLU_Positive_Approx_Identity (1162 ms)
[ RUN      ] NonlinearTest.Softmax_SumsToOne
Creating FIDESlib/OpenFHE CKKS context (logN=12)...
Rotation keys loaded: 62 ~ 534MB
  slots=2048  GPU context loaded.
[softmax] START  consumed=0
[softmax] after x/128 rescale:  consumed=1
[softmax] after 7 squarings: consumed=8
  [DBG] exp(x)[0..3]  consumed=8  vals=[1, 1.05126, 1.10513, 1.16173]
[softmax] after *v (pre-rotsum): consumed=9
  [DBG] v*exp[0..3]  consumed=9  vals=[0.00390625, 0.00410649, 0.00431691, 0.00453802]
[softmax] after rotation sum:   consumed=9
  [DBG] v*sum[0..3]  consumed=9  vals=[1, 1.05126, 1.10513, 1.16173]
Bootstrapping (level 9)...
  bootstrap done in 0.0221424 s, raw output level 19
  output level after target drop: 19
[softmax] after bootstrap:      consumed=19
  [DBG] btp_vsum[0..3]  consumed=19  vals=[0.999986, 1.05126, 1.10512, 1.16173]
[softmax] Newton init:          res_consumed=21  dnm_consumed=21
  [DBG] res_init[0..3]  consumed=21  vals=[9.09527e-06, -0.0512521, -0.105119, -0.161717]
[softmax] Newton iter 0:  res_consumed=22  dnm_consumed=23
[softmax] Newton iter 1:  res_consumed=23  dnm_consumed=24
[softmax] Newton iter 2:  res_consumed=24  dnm_consumed=25
[softmax] Newton iter 3:  res_consumed=25  dnm_consumed=26
[softmax] Newton iter 4:  res_consumed=26  dnm_consumed=27
[softmax] Newton iter 5:  res_consumed=27  dnm_consumed=28
[softmax] Newton iter 6:  res_consumed=28  dnm_consumed=29
[softmax] before reduce_to_level:  exp_ct_consumed=8  dnm_consumed=29
[softmax]   reduce iter 0: exp_ct_consumed=8 (target=29)
[softmax]   reduce iter 1: exp_ct_consumed=9 (target=29)
[softmax]   reduce iter 2: exp_ct_consumed=10 (target=29)
[softmax]   reduce iter 3: exp_ct_consumed=11 (target=29)
[softmax]   reduce iter 4: exp_ct_consumed=12 (target=29)
[softmax]   reduce iter 5: exp_ct_consumed=13 (target=29)
[softmax]   reduce iter 6: exp_ct_consumed=14 (target=29)
[softmax]   reduce iter 7: exp_ct_consumed=15 (target=29)
[softmax]   reduce iter 8: exp_ct_consumed=16 (target=29)
[softmax]   reduce iter 9: exp_ct_consumed=17 (target=29)
[softmax]   reduce iter 10: exp_ct_consumed=18 (target=29)
[softmax]   reduce iter 11: exp_ct_consumed=19 (target=29)
[softmax]   reduce iter 12: exp_ct_consumed=20 (target=29)
[softmax]   reduce iter 13: exp_ct_consumed=21 (target=29)
[softmax]   reduce iter 14: exp_ct_consumed=22 (target=29)
[softmax]   reduce iter 15: exp_ct_consumed=23 (target=29)
[softmax]   reduce iter 16: exp_ct_consumed=24 (target=29)
[softmax]   reduce iter 17: exp_ct_consumed=25 (target=29)
[softmax]   reduce iter 18: exp_ct_consumed=26 (target=29)
[softmax]   reduce iter 19: exp_ct_consumed=27 (target=29)
[softmax]   reduce iter 20: exp_ct_consumed=28 (target=29)
[softmax] reduce_to_level done after 21 iters: exp_ct_consumed=29
  [DBG] exp_ct reduced[0..3]  consumed=29  vals=[1, 1.05126, 1.10513, 1.16173]
  [DBG] dnm[0..3]  consumed=29  vals=[1.00001, 0.951248, 0.904881, 0.860795]
[softmax] after exp*dnm rescale: consumed=30
[softmax] final:                consumed=31
  [DBG] result[0..3]  consumed=31  vals=[0.00390629, 0.00390628, 0.00390628, 0.0039063]
[       OK ] NonlinearTest.Softmax_SumsToOne (1251 ms)
[ RUN      ] NonlinearTest.Softmax_MaxSlot
Creating FIDESlib/OpenFHE CKKS context (logN=12)...
Rotation keys loaded: 62 ~ 534MB
  slots=2048  GPU context loaded.
[softmax] START  consumed=0
[softmax] after x/128 rescale:  consumed=1
[softmax] after 7 squarings: consumed=8
  [DBG] exp(x)[0..3]  consumed=8  vals=[1, 1, 1, 1.49089]
[softmax] after *v (pre-rotsum): consumed=9
  [DBG] v*exp[0..3]  consumed=9  vals=[0.00390625, 0.00390625, 0.00390625, 0.00582381]
[softmax] after rotation sum:   consumed=9
  [DBG] v*sum[0..3]  consumed=9  vals=[1, 1, 1, 1.00192]
Bootstrapping (level 9)...
  bootstrap done in 0.0151415 s, raw output level 19
  output level after target drop: 19
[softmax] after bootstrap:      consumed=19
  [DBG] btp_vsum[0..3]  consumed=19  vals=[0.999986, 0.999993, 0.999998, 1.00191]
[softmax] Newton init:          res_consumed=21  dnm_consumed=21
  [DBG] res_init[0..3]  consumed=21  vals=[1.82711e-05, 3.69954e-06, 8.3834e-07, -0.00191097]
[softmax] Newton iter 0:  res_consumed=22  dnm_consumed=23
[softmax] Newton iter 1:  res_consumed=23  dnm_consumed=24
[softmax] Newton iter 2:  res_consumed=24  dnm_consumed=25
[softmax] Newton iter 3:  res_consumed=25  dnm_consumed=26
[softmax] Newton iter 4:  res_consumed=26  dnm_consumed=27
[softmax] Newton iter 5:  res_consumed=27  dnm_consumed=28
[softmax] Newton iter 6:  res_consumed=28  dnm_consumed=29
[softmax] before reduce_to_level:  exp_ct_consumed=8  dnm_consumed=29
[softmax]   reduce iter 0: exp_ct_consumed=8 (target=29)
[softmax]   reduce iter 1: exp_ct_consumed=9 (target=29)
[softmax]   reduce iter 2: exp_ct_consumed=10 (target=29)
[softmax]   reduce iter 3: exp_ct_consumed=11 (target=29)
[softmax]   reduce iter 4: exp_ct_consumed=12 (target=29)
[softmax]   reduce iter 5: exp_ct_consumed=13 (target=29)
[softmax]   reduce iter 6: exp_ct_consumed=14 (target=29)
[softmax]   reduce iter 7: exp_ct_consumed=15 (target=29)
[softmax]   reduce iter 8: exp_ct_consumed=16 (target=29)
[softmax]   reduce iter 9: exp_ct_consumed=17 (target=29)
[softmax]   reduce iter 10: exp_ct_consumed=18 (target=29)
[softmax]   reduce iter 11: exp_ct_consumed=19 (target=29)
[softmax]   reduce iter 12: exp_ct_consumed=20 (target=29)
[softmax]   reduce iter 13: exp_ct_consumed=21 (target=29)
[softmax]   reduce iter 14: exp_ct_consumed=22 (target=29)
[softmax]   reduce iter 15: exp_ct_consumed=23 (target=29)
[softmax]   reduce iter 16: exp_ct_consumed=24 (target=29)
[softmax]   reduce iter 17: exp_ct_consumed=25 (target=29)
[softmax]   reduce iter 18: exp_ct_consumed=26 (target=29)
[softmax]   reduce iter 19: exp_ct_consumed=27 (target=29)
[softmax]   reduce iter 20: exp_ct_consumed=28 (target=29)
[softmax] reduce_to_level done after 21 iters: exp_ct_consumed=29
  [DBG] exp_ct reduced[0..3]  consumed=29  vals=[1, 1, 1, 1.49089]
  [DBG] dnm[0..3]  consumed=29  vals=[1.00002, 1.00001, 1.00001, 0.998091]
[softmax] after exp*dnm rescale: consumed=30
[softmax] final:                consumed=31
  [DBG] result[0..3]  consumed=31  vals=[0.00390632, 0.00390628, 0.00390624, 0.00581269]
Softmax MaxSlot err=3.57761e-06
[       OK ] NonlinearTest.Softmax_MaxSlot (1234 ms)
[ RUN      ] NonlinearTest.Norm_MeanZero
Creating FIDESlib/OpenFHE CKKS context (logN=12)...
Rotation keys loaded: 62 ~ 534MB
  slots=2048  GPU context loaded.
[norm] START  consumed=0
[norm] after mean rotsum:  consumed=0
  [DBG] mean[0..3]  consumed=0  vals=[4.95768e-12, 1.85723e-12, -2.42369e-14, -3.83813e-13]
[norm] after xd rescale:   consumed=1
[norm] after varc=xd-mean: consumed=1
[norm] after varc^2:       consumed=2
[norm] after varc rotsum:  consumed=2
[norm] after varc/hD^3:    consumed=3
  [DBG] varc[0..3]  consumed=3  vals=[0.045, 0.045, 0.045, 0.045]
[norm] after ans_init:     consumed=4
  [DBG] ans_init[0..3]  consumed=4  vals=[5.4755, 5.4755, 5.4755, 5.4755]
[norm] halfX init:         consumed=4
[norm] Newton iter 0: ansSq_consumed=5  ans_consumed=4  halfX_consumed=4
[norm] Newton iter 0: ansCu_consumed=6
[norm] Newton iter 0: reduce halfX 4 → 6
[norm] Newton iter 0: halfX after reduce: consumed=6
[norm] Newton iter 0: term1_consumed=7
[norm] Newton iter 0: term2_consumed=6
[norm] Newton iter 0: term2_after_match=7
[norm] Newton iter 0: ans_consumed=7
  [DBG] ans_newton[0..3]  consumed=7  vals=[4.51962, 4.51962, 4.51962, 4.51962]
[norm] Newton iter 1: ansSq_consumed=8  ans_consumed=7  halfX_consumed=6
[norm] Newton iter 1: ansCu_consumed=9
[norm] Newton iter 1: reduce halfX 6 → 9
[norm] Newton iter 1: halfX after reduce: consumed=9
[norm] Newton iter 1: term1_consumed=10
[norm] Newton iter 1: term2_consumed=9
[norm] Newton iter 1: term2_after_match=10
[norm] Newton iter 1: ans_consumed=10
  [DBG] ans_newton[0..3]  consumed=10  vals=[4.70218, 4.70218, 4.70218, 4.70218]
[norm] Newton iter 2: ansSq_consumed=11  ans_consumed=10  halfX_consumed=9
[norm] Newton iter 2: ansCu_consumed=12
[norm] Newton iter 2: reduce halfX 9 → 12
[norm] Newton iter 2: halfX after reduce: consumed=12
[norm] Newton iter 2: term1_consumed=13
[norm] Newton iter 2: term2_consumed=12
[norm] Newton iter 2: term2_after_match=13
[norm] Newton iter 2: ans_consumed=13
  [DBG] ans_newton[0..3]  consumed=13  vals=[4.714, 4.714, 4.714, 4.714]
[norm] Newton iter 3: ansSq_consumed=14  ans_consumed=13  halfX_consumed=12
[norm] Newton iter 3: ansCu_consumed=15
[norm] Newton iter 3: reduce halfX 12 → 15
[norm] Newton iter 3: halfX after reduce: consumed=15
[norm] Newton iter 3: term1_consumed=16
[norm] Newton iter 3: term2_consumed=15
[norm] Newton iter 3: term2_after_match=16
[norm] Newton iter 3: ans_consumed=16
  [DBG] ans_newton[0..3]  consumed=16  vals=[4.71405, 4.71405, 4.71405, 4.71405]
[norm] before bootstrap:   consumed=16
Bootstrapping (level 16)...
  bootstrap done in 0.017407 s, raw output level 19
  output level after target drop: 24
[norm] after bootstrap:    consumed=24
  [DBG] ans_btp[0..3]  consumed=24  vals=[4.71339, 4.71339, 4.71339, 4.71339]
[norm] before Goldschmidt: varc_consumed=3  ans_consumed=24
[norm] varc_r after reduce: consumed=24
  [DBG] varc_r[0..3]  consumed=24  vals=[0.045, 0.045, 0.045, 0.045]
[norm] after Goldschmidt:  consumed=32
  [DBG] ans_gold[0..3]  consumed=32  vals=[4.71405, 4.71405, 4.71405, 4.71405]
[norm] before final mult: x_in_consumed=0  ans_consumed=32
[norm] x_copy after reduce: consumed=32
[norm] final:              consumed=33
  [DBG] result[0..3]  consumed=33  vals=[6.42449e-14, 0.00433875, 0.00867745, 0.0130161]
[       OK ] NonlinearTest.Norm_MeanZero (1300 ms)
[ RUN      ] NonlinearTest.Norm_MatchesReference
Creating FIDESlib/OpenFHE CKKS context (logN=12)...
Rotation keys loaded: 62 ~ 534MB
  slots=2048  GPU context loaded.
[norm] START  consumed=0
[norm] after mean rotsum:  consumed=0
  [DBG] mean[0..3]  consumed=0  vals=[0.0583652, -0.0218996, -0.0820299, -0.0667424]
[norm] after xd rescale:   consumed=1
[norm] after varc=xd-mean: consumed=1
[norm] after varc^2:       consumed=2
[norm] after varc rotsum:  consumed=2
[norm] after varc/hD^3:    consumed=3
  [DBG] varc[0..3]  consumed=3  vals=[0.0450369, 0.0454163, 0.0446063, 0.0449011]
[norm] after ans_init:     consumed=4
  [DBG] ans_init[0..3]  consumed=4  vals=[5.47395, 5.45797, 5.49208, 5.47966]
[norm] halfX init:         consumed=4
[norm] Newton iter 0: ansSq_consumed=5  ans_consumed=4  halfX_consumed=4
[norm] Newton iter 0: ansCu_consumed=6
[norm] Newton iter 0: reduce halfX 4 → 6
[norm] Newton iter 0: halfX after reduce: consumed=6
[norm] Newton iter 0: term1_consumed=7
[norm] Newton iter 0: term2_consumed=6
[norm] Newton iter 0: term2_after_match=7
[norm] Newton iter 0: ans_consumed=7
  [DBG] ans_newton[0..3]  consumed=7  vals=[4.5174, 4.49484, 4.54345, 4.52557]
[norm] Newton iter 1: ansSq_consumed=8  ans_consumed=7  halfX_consumed=6
[norm] Newton iter 1: ansCu_consumed=9
[norm] Newton iter 1: reduce halfX 6 → 9
[norm] Newton iter 1: halfX after reduce: consumed=9
[norm] Newton iter 1: term1_consumed=10
[norm] Newton iter 1: term2_consumed=9
[norm] Newton iter 1: term2_after_match=10
[norm] Newton iter 1: ans_consumed=10
  [DBG] ans_newton[0..3]  consumed=10  vals=[4.70021, 4.68009, 4.72336, 4.70748]
[norm] Newton iter 2: ansSq_consumed=11  ans_consumed=10  halfX_consumed=9
[norm] Newton iter 2: ansCu_consumed=12
[norm] Newton iter 2: reduce halfX 9 → 12
[norm] Newton iter 2: halfX after reduce: consumed=12
[norm] Newton iter 2: term1_consumed=13
[norm] Newton iter 2: term2_consumed=12
[norm] Newton iter 2: term2_after_match=13
[norm] Newton iter 2: ans_consumed=13
  [DBG] ans_newton[0..3]  consumed=13  vals=[4.71207, 4.69234, 4.73476, 4.71919]
[norm] Newton iter 3: ansSq_consumed=14  ans_consumed=13  halfX_consumed=12
[norm] Newton iter 3: ansCu_consumed=15
[norm] Newton iter 3: reduce halfX 12 → 15
[norm] Newton iter 3: halfX after reduce: consumed=15
[norm] Newton iter 3: term1_consumed=16
[norm] Newton iter 3: term2_consumed=15
[norm] Newton iter 3: term2_after_match=16
[norm] Newton iter 3: ans_consumed=16
  [DBG] ans_newton[0..3]  consumed=16  vals=[4.71211, 4.69239, 4.7348, 4.71924]
[norm] before bootstrap:   consumed=16
Bootstrapping (level 16)...
  bootstrap done in 0.0162374 s, raw output level 19
  output level after target drop: 24
[norm] after bootstrap:    consumed=24
  [DBG] ans_btp[0..3]  consumed=24  vals=[4.71145, 4.69173, 4.73414, 4.71858]
[norm] before Goldschmidt: varc_consumed=3  ans_consumed=24
[norm] varc_r after reduce: consumed=24
  [DBG] varc_r[0..3]  consumed=24  vals=[0.0450369, 0.0454163, 0.0446063, 0.0449011]
[norm] after Goldschmidt:  consumed=32
  [DBG] ans_gold[0..3]  consumed=32  vals=[4.71211, 4.69239, 4.7348, 4.71924]
[norm] before final mult: x_in_consumed=0  ans_consumed=32
[norm] x_copy after reduce: consumed=32
[norm] final:              consumed=33
  [DBG] result[0..3]  consumed=33  vals=[1.61107e-13, 1.18455, 1.2916, 0.199794]
Norm relative error: 1.11033e-07
[       OK ] NonlinearTest.Norm_MatchesReference (1326 ms)
[ RUN      ] NonlinearTest.Norm_UnitVariance
Creating FIDESlib/OpenFHE CKKS context (logN=12)...
Rotation keys loaded: 62 ~ 534MB
  slots=2048  GPU context loaded.
[norm] START  consumed=0
[norm] after mean rotsum:  consumed=0
  [DBG] mean[0..3]  consumed=0  vals=[0.0583652, -0.0218996, -0.0820299, -0.0667424]
[norm] after xd rescale:   consumed=1
[norm] after varc=xd-mean: consumed=1
[norm] after varc^2:       consumed=2
[norm] after varc rotsum:  consumed=2
[norm] after varc/hD^3:    consumed=3
  [DBG] varc[0..3]  consumed=3  vals=[0.0450369, 0.0454163, 0.0446063, 0.0449011]
[norm] after ans_init:     consumed=4
  [DBG] ans_init[0..3]  consumed=4  vals=[5.47395, 5.45797, 5.49208, 5.47966]
[norm] halfX init:         consumed=4
[norm] Newton iter 0: ansSq_consumed=5  ans_consumed=4  halfX_consumed=4
[norm] Newton iter 0: ansCu_consumed=6
[norm] Newton iter 0: reduce halfX 4 → 6
[norm] Newton iter 0: halfX after reduce: consumed=6
[norm] Newton iter 0: term1_consumed=7
[norm] Newton iter 0: term2_consumed=6
[norm] Newton iter 0: term2_after_match=7
[norm] Newton iter 0: ans_consumed=7
  [DBG] ans_newton[0..3]  consumed=7  vals=[4.5174, 4.49484, 4.54345, 4.52557]
[norm] Newton iter 1: ansSq_consumed=8  ans_consumed=7  halfX_consumed=6
[norm] Newton iter 1: ansCu_consumed=9
[norm] Newton iter 1: reduce halfX 6 → 9
[norm] Newton iter 1: halfX after reduce: consumed=9
[norm] Newton iter 1: term1_consumed=10
[norm] Newton iter 1: term2_consumed=9
[norm] Newton iter 1: term2_after_match=10
[norm] Newton iter 1: ans_consumed=10
  [DBG] ans_newton[0..3]  consumed=10  vals=[4.70021, 4.68009, 4.72336, 4.70748]
[norm] Newton iter 2: ansSq_consumed=11  ans_consumed=10  halfX_consumed=9
[norm] Newton iter 2: ansCu_consumed=12
[norm] Newton iter 2: reduce halfX 9 → 12
[norm] Newton iter 2: halfX after reduce: consumed=12
[norm] Newton iter 2: term1_consumed=13
[norm] Newton iter 2: term2_consumed=12
[norm] Newton iter 2: term2_after_match=13
[norm] Newton iter 2: ans_consumed=13
  [DBG] ans_newton[0..3]  consumed=13  vals=[4.71207, 4.69234, 4.73476, 4.71919]
[norm] Newton iter 3: ansSq_consumed=14  ans_consumed=13  halfX_consumed=12
[norm] Newton iter 3: ansCu_consumed=15
[norm] Newton iter 3: reduce halfX 12 → 15
[norm] Newton iter 3: halfX after reduce: consumed=15
[norm] Newton iter 3: term1_consumed=16
[norm] Newton iter 3: term2_consumed=15
[norm] Newton iter 3: term2_after_match=16
[norm] Newton iter 3: ans_consumed=16
  [DBG] ans_newton[0..3]  consumed=16  vals=[4.71211, 4.69239, 4.7348, 4.71924]
[norm] before bootstrap:   consumed=16
Bootstrapping (level 16)...
  bootstrap done in 0.0158389 s, raw output level 19
  output level after target drop: 24
[norm] after bootstrap:    consumed=24
  [DBG] ans_btp[0..3]  consumed=24  vals=[4.71146, 4.69173, 4.73415, 4.71858]
[norm] before Goldschmidt: varc_consumed=3  ans_consumed=24
[norm] varc_r after reduce: consumed=24
  [DBG] varc_r[0..3]  consumed=24  vals=[0.0450369, 0.0454163, 0.0446063, 0.0449011]
[norm] after Goldschmidt:  consumed=32
  [DBG] ans_gold[0..3]  consumed=32  vals=[4.71211, 4.69239, 4.7348, 4.71924]
[norm] before final mult: x_in_consumed=0  ans_consumed=32
[norm] x_copy after reduce: consumed=32
[norm] final:              consumed=33
  [DBG] result[0..3]  consumed=33  vals=[-7.50788e-15, 1.18455, 1.2916, 0.199794]
[       OK ] NonlinearTest.Norm_UnitVariance (1312 ms)
[ RUN      ] NonlinearTest.GoCompat_SiLU_MatchesSiLUPlaintext
Creating FIDESlib/OpenFHE CKKS context (logN=12)...
Rotation keys loaded: 62 ~ 534MB
  slots=2048  GPU context loaded.
GoCompat SiLU max_abs_err=8.04591e-09
[       OK ] NonlinearTest.GoCompat_SiLU_MatchesSiLUPlaintext (1173 ms)
[ RUN      ] NonlinearTest.GoCompat_Softmax_MatchesSoftmaxPlaintext
Creating FIDESlib/OpenFHE CKKS context (logN=12)...
Rotation keys loaded: 62 ~ 534MB
  slots=2048  GPU context loaded.
[softmax] START  consumed=0
[softmax] after x/128 rescale:  consumed=1
[softmax] after 7 squarings: consumed=8
  [DBG] exp(x)[0..3]  consumed=8  vals=[1, 1.02017, 1.04053, 1.06087]
[softmax] after *v (pre-rotsum): consumed=9
  [DBG] v*exp[0..3]  consumed=9  vals=[0.00390625, 0.00398502, 0.00406456, 0.00414403]
[softmax] after rotation sum:   consumed=9
  [DBG] v*sum[0..3]  consumed=9  vals=[1.01183, 1.01184, 1.01183, 1.01181]
Bootstrapping (level 9)...
  bootstrap done in 0.0160192 s, raw output level 19
  output level after target drop: 19
[softmax] after bootstrap:      consumed=19
  [DBG] btp_vsum[0..3]  consumed=19  vals=[1.01182, 1.01183, 1.01183, 1.0118]
[softmax] Newton init:          res_consumed=21  dnm_consumed=21
  [DBG] res_init[0..3]  consumed=21  vals=[-0.0118189, -0.0118328, -0.0118279, -0.0118004]
[softmax] Newton iter 0:  res_consumed=22  dnm_consumed=23
[softmax] Newton iter 1:  res_consumed=23  dnm_consumed=24
[softmax] Newton iter 2:  res_consumed=24  dnm_consumed=25
[softmax] Newton iter 3:  res_consumed=25  dnm_consumed=26
[softmax] Newton iter 4:  res_consumed=26  dnm_consumed=27
[softmax] Newton iter 5:  res_consumed=27  dnm_consumed=28
[softmax] Newton iter 6:  res_consumed=28  dnm_consumed=29
[softmax] before reduce_to_level:  exp_ct_consumed=8  dnm_consumed=29
[softmax]   reduce iter 0: exp_ct_consumed=8 (target=29)
[softmax]   reduce iter 1: exp_ct_consumed=9 (target=29)
[softmax]   reduce iter 2: exp_ct_consumed=10 (target=29)
[softmax]   reduce iter 3: exp_ct_consumed=11 (target=29)
[softmax]   reduce iter 4: exp_ct_consumed=12 (target=29)
[softmax]   reduce iter 5: exp_ct_consumed=13 (target=29)
[softmax]   reduce iter 6: exp_ct_consumed=14 (target=29)
[softmax]   reduce iter 7: exp_ct_consumed=15 (target=29)
[softmax]   reduce iter 8: exp_ct_consumed=16 (target=29)
[softmax]   reduce iter 9: exp_ct_consumed=17 (target=29)
[softmax]   reduce iter 10: exp_ct_consumed=18 (target=29)
[softmax]   reduce iter 11: exp_ct_consumed=19 (target=29)
[softmax]   reduce iter 12: exp_ct_consumed=20 (target=29)
[softmax]   reduce iter 13: exp_ct_consumed=21 (target=29)
[softmax]   reduce iter 14: exp_ct_consumed=22 (target=29)
[softmax]   reduce iter 15: exp_ct_consumed=23 (target=29)
[softmax]   reduce iter 16: exp_ct_consumed=24 (target=29)
[softmax]   reduce iter 17: exp_ct_consumed=25 (target=29)
[softmax]   reduce iter 18: exp_ct_consumed=26 (target=29)
[softmax]   reduce iter 19: exp_ct_consumed=27 (target=29)
[softmax]   reduce iter 20: exp_ct_consumed=28 (target=29)
[softmax] reduce_to_level done after 21 iters: exp_ct_consumed=29
  [DBG] exp_ct reduced[0..3]  consumed=29  vals=[1, 1.02017, 1.04053, 1.06087]
  [DBG] dnm[0..3]  consumed=29  vals=[0.988321, 0.988302, 0.988309, 0.988335]
[softmax] after exp*dnm rescale: consumed=30
[softmax] final:                consumed=31
  [DBG] result[0..3]  consumed=31  vals=[0.00386062, 0.00393842, 0.00401704, 0.00409569]
GoCompat Softmax rel_err=5.55571e-05
[       OK ] NonlinearTest.GoCompat_Softmax_MatchesSoftmaxPlaintext (1229 ms)
[ RUN      ] NonlinearTest.GoCompat_Norm_MatchesNormPlaintext
Creating FIDESlib/OpenFHE CKKS context (logN=12)...
Rotation keys loaded: 62 ~ 534MB
  slots=2048  GPU context loaded.
[norm] START  consumed=0
[norm] after mean rotsum:  consumed=0
  [DBG] mean[0..3]  consumed=0  vals=[0.412307, 0.500032, 0.575188, 0.635029]
[norm] after xd rescale:   consumed=1
[norm] after varc=xd-mean: consumed=1
[norm] after varc^2:       consumed=2
[norm] after varc rotsum:  consumed=2
[norm] after varc/hD^3:    consumed=3
  [DBG] varc[0..3]  consumed=3  vals=[0.0441134, 0.0423097, 0.0405922, 0.0389371]
[norm] after ans_init:     consumed=4
  [DBG] ans_init[0..3]  consumed=4  vals=[5.51282, 5.58876, 5.66107, 5.73075]
[norm] halfX init:         consumed=4
[norm] Newton iter 0: ansSq_consumed=5  ans_consumed=4  halfX_consumed=4
[norm] Newton iter 0: ansCu_consumed=6
[norm] Newton iter 0: reduce halfX 4 → 6
[norm] Newton iter 0: halfX after reduce: consumed=6
[norm] Newton iter 0: term1_consumed=7
[norm] Newton iter 0: term2_consumed=6
[norm] Newton iter 0: term2_after_match=7
[norm] Newton iter 0: ans_consumed=7
  [DBG] ans_newton[0..3]  consumed=7  vals=[4.57382, 4.69033, 4.8094, 4.93202]
[norm] Newton iter 1: ansSq_consumed=8  ans_consumed=7  halfX_consumed=6
[norm] Newton iter 1: ansCu_consumed=9
[norm] Newton iter 1: reduce halfX 6 → 9
[norm] Newton iter 1: halfX after reduce: consumed=9
[norm] Newton iter 1: term1_consumed=10
[norm] Newton iter 1: term2_consumed=9
[norm] Newton iter 1: term2_after_match=10
[norm] Newton iter 1: ans_consumed=10
  [DBG] ans_newton[0..3]  consumed=10  vals=[4.75027, 4.85266, 4.9563, 5.06237]
[norm] Newton iter 2: ansSq_consumed=11  ans_consumed=10  halfX_consumed=9
[norm] Newton iter 2: ansCu_consumed=12
[norm] Newton iter 2: reduce halfX 9 → 12
[norm] Newton iter 2: halfX after reduce: consumed=12
[norm] Newton iter 2: term1_consumed=13
[norm] Newton iter 2: term2_consumed=12
[norm] Newton iter 2: term2_after_match=13
[norm] Newton iter 2: ans_consumed=13
  [DBG] ans_newton[0..3]  consumed=13  vals=[4.76114, 4.86158, 4.96338, 5.06777]
[norm] Newton iter 3: ansSq_consumed=14  ans_consumed=13  halfX_consumed=12
[norm] Newton iter 3: ansCu_consumed=15
[norm] Newton iter 3: reduce halfX 12 → 15
[norm] Newton iter 3: halfX after reduce: consumed=15
[norm] Newton iter 3: term1_consumed=16
[norm] Newton iter 3: term2_consumed=15
[norm] Newton iter 3: term2_after_match=16
[norm] Newton iter 3: ans_consumed=16
  [DBG] ans_newton[0..3]  consumed=16  vals=[4.76118, 4.86161, 4.96339, 5.06778]
[norm] before bootstrap:   consumed=16
Bootstrapping (level 16)...
  bootstrap done in 0.0164438 s, raw output level 19
  output level after target drop: 24
[norm] after bootstrap:    consumed=24
  [DBG] ans_btp[0..3]  consumed=24  vals=[4.76054, 4.86096, 4.96275, 5.06714]
[norm] before Goldschmidt: varc_consumed=3  ans_consumed=24
[norm] varc_r after reduce: consumed=24
  [DBG] varc_r[0..3]  consumed=24  vals=[0.0441134, 0.0423097, 0.0405922, 0.0389371]
[norm] after Goldschmidt:  consumed=32
  [DBG] ans_gold[0..3]  consumed=32  vals=[4.76118, 4.86161, 4.96339, 5.06778]
[norm] before final mult: x_in_consumed=0  ans_consumed=32
[norm] x_copy after reduce: consumed=32
[norm] final:              consumed=33
  [DBG] result[0..3]  consumed=33  vals=[1.42835, 1.55324, 1.67486, 1.78941]
GoCompat Norm rel_err=1.19937e-07
[       OK ] NonlinearTest.GoCompat_Norm_MatchesNormPlaintext (1293 ms)
[----------] 11 tests from NonlinearTest (14195 ms total)

[----------] Global test environment tear-down
[==========] 11 tests from 1 test suite ran. (14195 ms total)
[  PASSED  ] 11 tests.
Cuda failure /leonardo_work/IscrC_eff-SAM2/azirilli/cuda-cachemir/pycudafhe/third_party/FIDESlib/src/CKKS/Context.cu:841: 'driver shutting down'
<end of output>
Test time =  14.37 sec
----------------------------------------------------------
Test Passed.
"test_nonlinear" end time: Mar 22 16:13 CET
"test_nonlinear" time elapsed: 00:00:14
----------------------------------------------------------

5/5 Testing: test_llama
5/5 Test: test_llama
Command: "/leonardo_work/IscrC_eff-SAM2/azirilli/cuda-cachemir/pycudafhe/build_sm80/bin/test_llama"
Directory: /leonardo_work/IscrC_eff-SAM2/azirilli/cuda-cachemir/pycudafhe/build_sm80/tests
"test_llama" start time: Mar 22 16:13 CET
Output:
----------------------------------------------------------
Running main() from /croot/yaml-cpp-split_1714510678659/work/test/gtest-1.11.0/googletest/src/gtest_main.cc
[==========] Running 13 tests from 1 test suite.
[----------] Global test environment set-up.
[----------] 13 tests from LlamaLayerTest
[ RUN      ] LlamaLayerTest.Linear_Square_Runs
Creating FIDESlib/OpenFHE CKKS context (logN=12)...
GPU 0: NVIDIA A100-SXM-64GB
 SMs: 124, SharedMem: 164 KB, Blocks/SM: 32, Threads/SM: 2048, L2 size: 32 MB, Bus: 4096-bit
Adding bootstrap precomputation to GPU for 2048 slots.
Plaintexts loaded: 186 ~ 215MB
Rotation keys loaded: 62 ~ 534MB
  slots=2048  GPU context loaded.
Preparing weights...
Weights ready.
Linear(q): level=0 first_val=9.39801
[       OK ] LlamaLayerTest.Linear_Square_Runs (1856 ms)
[ RUN      ] LlamaLayerTest.Linear_Expand_Runs
Creating FIDESlib/OpenFHE CKKS context (logN=12)...
Rotation keys loaded: 62 ~ 534MB
  slots=2048  GPU context loaded.
Preparing weights...
Weights ready.
Linear(up): level=0 first_val=132.039
[       OK ] LlamaLayerTest.Linear_Expand_Runs (1197 ms)
[ RUN      ] LlamaLayerTest.Linear_Contract_Runs
Creating FIDESlib/OpenFHE CKKS context (logN=12)...
Rotation keys loaded: 62 ~ 534MB
  slots=2048  GPU context loaded.
Preparing weights...
Weights ready.
Linear(down): level=0 first_val=-4.17169
[       OK ] LlamaLayerTest.Linear_Contract_Runs (1211 ms)
[ RUN      ] LlamaLayerTest.QKV_AllThreeRun
Creating FIDESlib/OpenFHE CKKS context (logN=12)...
Rotation keys loaded: 62 ~ 534MB
  slots=2048  GPU context loaded.
Preparing weights...
Weights ready.
Q: level=0 first_val=-13.1365
K: level=0 first_val=2967.4
V: level=0 first_val=3686.64

First row of Q: -13.1365, K: 2967.4, V: 3686.64

Q output sample (first 3 values): -13.1365 -22.8723 33.7265 
K output sample (first 3 values): 2967.4 928.983 35.4423 
V output sample (first 3 values): 3686.64 -40818.5 1339.92 
[       OK ] LlamaLayerTest.QKV_AllThreeRun (1333 ms)
[ RUN      ] LlamaLayerTest.RoPE_Runs
Creating FIDESlib/OpenFHE CKKS context (logN=12)...
Rotation keys loaded: 62 ~ 534MB
  slots=2048  GPU context loaded.
Preparing weights...
Weights ready.
RoPE(Q): level=0 first_val=0.130043
RoPE(K): level=0 first_val=0.130043
[       OK ] LlamaLayerTest.RoPE_Runs (1194 ms)
[ RUN      ] LlamaLayerTest.RoPE_ChangesValue
Creating FIDESlib/OpenFHE CKKS context (logN=12)...
Rotation keys loaded: 62 ~ 534MB
  slots=2048  GPU context loaded.
Preparing weights...
Weights ready.
[       OK ] LlamaLayerTest.RoPE_ChangesValue (1199 ms)
[ RUN      ] LlamaLayerTest.Cache_UpdatesKV
Creating FIDESlib/OpenFHE CKKS context (logN=12)...
Rotation keys loaded: 62 ~ 534MB
  slots=2048  GPU context loaded.
Preparing cache...
Cache ready.
[       OK ] LlamaLayerTest.Cache_UpdatesKV (1430 ms)
[ RUN      ] LlamaLayerTest.QKT_Runs
Creating FIDESlib/OpenFHE CKKS context (logN=12)...
Rotation keys loaded: 62 ~ 534MB
  slots=2048  GPU context loaded.
Preparing weights...
Weights ready.
Preparing cache...
Cache ready.
QK^T: level=1 first_val=-21.3651
[       OK ] LlamaLayerTest.QKT_Runs (1193 ms)
[ RUN      ] LlamaLayerTest.AttnV_Runs
Creating FIDESlib/OpenFHE CKKS context (logN=12)...
Rotation keys loaded: 62 ~ 534MB
  slots=2048  GPU context loaded.
Preparing cache...
Cache ready.
AttnV: level=1 first_val=-55243.5
[       OK ] LlamaLayerTest.AttnV_Runs (1380 ms)
[ RUN      ] LlamaLayerTest.UpGate_Runs
Creating FIDESlib/OpenFHE CKKS context (logN=12)...
Rotation keys loaded: 62 ~ 534MB
  slots=2048  GPU context loaded.
Preparing weights...
Weights ready.
Up: level=0 first_val=-38.4803
Gate: level=0 first_val=1136.27
[       OK ] LlamaLayerTest.UpGate_Runs (1229 ms)
[ RUN      ] LlamaLayerTest.UpGateSameLevelAsDown
Creating FIDESlib/OpenFHE CKKS context (logN=12)...
Rotation keys loaded: 62 ~ 534MB
  slots=2048  GPU context loaded.
Preparing weights...
Weights ready.
FFN(Down): level=2 first_val=-2.3053e+06
[       OK ] LlamaLayerTest.UpGateSameLevelAsDown (1236 ms)
[ RUN      ] LlamaLayerTest.Decoder_Runs
Creating FIDESlib/OpenFHE CKKS context (logN=12)...
Rotation keys loaded: 62 ~ 534MB
  slots=2048  GPU context loaded.
Preparing weights...
Weights ready.
Preparing cache...
Cache ready.
Running tiny decoder (hidDim=64)...
=== Decoder ===
  QKV: 0.0321025 s
Bootstrapping (level 3)...
  bootstrap done in 0.0190623 s, raw output level 19
  output level after target drop: 21
[softmax] START  consumed=21
[softmax] after x/128 rescale:  consumed=23
[softmax] after 7 squarings: consumed=30
unknown file: Failure
C++ exception with description "/tmp/openfhe_build_2553989/src/src/pke/lib/encoding/ckkspackedencoding.cpp:l.453:Decode(): The decryption failed because the approximation error is too high. Check the parameters. " thrown in the test body.
[  FAILED  ] LlamaLayerTest.Decoder_Runs (1569 ms)
[ RUN      ] LlamaLayerTest.Decoder_LevelConsistency
Creating FIDESlib/OpenFHE CKKS context (logN=12)...
Rotation keys loaded: 62 ~ 534MB
  slots=2048  GPU context loaded.
Preparing weights...
Weights ready.
Preparing cache...
Cache ready.
=== Decoder ===
  QKV: 0.0177643 s
Bootstrapping (level 3)...
  bootstrap done in 0.0168189 s, raw output level 19
  output level after target drop: 21
[softmax] START  consumed=21
[softmax] after x/128 rescale:  consumed=23
[softmax] after 7 squarings: consumed=30
unknown file: Failure
C++ exception with description "/tmp/openfhe_build_2553989/src/src/pke/lib/encoding/ckkspackedencoding.cpp:l.453:Decode(): The decryption failed because the approximation error is too high. Check the parameters. " thrown in the test body.
[  FAILED  ] LlamaLayerTest.Decoder_LevelConsistency (1521 ms)
[----------] 13 tests from LlamaLayerTest (17553 ms total)

[----------] Global test environment tear-down
[==========] 13 tests from 1 test suite ran. (17553 ms total)
[  PASSED  ] 11 tests.
[  FAILED  ] 2 tests, listed below:
[  FAILED  ] LlamaLayerTest.Decoder_Runs
[  FAILED  ] LlamaLayerTest.Decoder_LevelConsistency

 2 FAILED TESTS
Cuda failure /leonardo_work/IscrC_eff-SAM2/azirilli/cuda-cachemir/pycudafhe/third_party/FIDESlib/src/CKKS/Context.cu:841: 'driver shutting down'
<end of output>
Test time =  17.74 sec
----------------------------------------------------------
Test Passed.
"test_llama" end time: Mar 22 16:13 CET
"test_llama" time elapsed: 00:00:17
----------------------------------------------------------

End testing: Mar 22 16:13 CET
